[dynet] random seed: 4290241576
[dynet] allocating memory: 512MB
[dynet] memory allocation done.
DATA_DIRECTORY:	data/
DEBUG_MODE:	False
EMBEDDINGS_FILE:	data/glove.6B.100d.txt
VERSION:	1.7
_____________________
COMMAND: /home/postma/Dutch_FrameNet_Lexicon/resources/run_open-sesame/resources/open-sesame/sesame/frameid.py --mode train --model_name fn1.7-pretrained-frameid
VALIDATED MODEL SAVED TO:	logs/fn1.7-pretrained-frameid/best-frameid-1.7-model
PARSING MODE:	train
_____________________


Reading data/neural/fn1.7/fn1.7.fulltext.train.syntaxnet.conll ...
# examples in data/neural/fn1.7/fn1.7.fulltext.train.syntaxnet.conll : 19391 in 3413 sents
# examples with missing arguments : 526
multi-token targets in train: 3.481% [675 / 19391]

Reading the frame-LU map from data/fndata-1.7/frame/ ...
# Max frames for LU: 13 in LU (order)
# Avg LUs for frame: 11.163800
# Avg frames per LU: 1.394110
# Max LUs for frame: 186 in Frame (Emotion_directed)

Reading pretrained embeddings from data/glove.6B.100d.txt ...

Reading data/neural/fn1.7/fn1.7.dev.syntaxnet.conll ...
# examples in data/neural/fn1.7/fn1.7.dev.syntaxnet.conll : 2272 in 326 sents
# examples with missing arguments : 73
multi-token targets in dev/test: 4.313% [98 / 2272]

PARSER SETTINGS (see logs/fn1.7-pretrained-frameid/configuration.json)
_____________________
DEV_EVAL_EPOCH_FREQUENCY:	5
DROPOUT_RATE:	0.01
EVAL_AFTER_EVERY_EPOCHS:	100
HIDDEN_DIM:	100
LSTM_DEPTH:	2
LSTM_DIM:	100
LSTM_INPUT_DIM:	100
LU_DIM:	100
LU_POS_DIM:	100
NUM_EPOCHS:	100
PATIENCE:	25
POS_DIM:	100
PRETRAINED_EMBEDDING_DIM:	100
TOKEN_DIM:	100
TRAIN:	data/neural/fn1.7/fn1.7.fulltext.train.syntaxnet.conll
UNK_PROB:	0.1
USE_DROPOUT:	True
USE_EXEMPLAR:	False
USE_HIERARCHY:	False

# Tokens = 400574
	Unseen in dev/test = 45
	Unlearnt in dev/test = 390569
# POS tags = 42
	Unseen in dev/test = 0
	Unlearnt in dev/test = 1
# LUs = 9441
	Unseen in dev/test = 0
	Unlearnt in dev/test = 6444
# LU POS tags = 14
	Unseen in dev/test = 0
	Unlearnt in dev/test = 3
# Frames = 1223
	Unseen in dev/test = 0
	Unlearnt in dev/test = 469

_____________________

[lr=0.1 clips=0 updates=48] epoch = 0.100 loss = 0.533910
[lr=0.1 clips=0 updates=53] epoch = 0.200 loss = 0.575660
[lr=0.1 clips=0 updates=55] epoch = 0.300 loss = 0.578349
[lr=0.1 clips=0 updates=60] epoch = 0.400 loss = 0.578420
[lr=0.1 clips=0 updates=55] epoch = 0.500 loss = 0.588509
[dev epoch=0.500] loss = 0.470947 f1 = 0.7262 (1650.0/2272.0) -- saving to logs/fn1.7-pretrained-frameid/best-frameid-1.7-model
[lr=0.1 clips=0 updates=50] epoch = 0.600 loss = 0.579900
[lr=0.1 clips=0 updates=57] epoch = 0.700 loss = 0.577598
[lr=0.1 clips=0 updates=41] epoch = 0.800 loss = 0.554476
[lr=0.1 clips=0 updates=55] epoch = 0.900 loss = 0.538975
[lr=0.1 clips=0 updates=59] epoch = 0.1000 loss = 0.539537
[dev epoch=0.1000] loss = 0.322991 f1 = 0.7320 (1663.0/2272.0) -- saving to logs/fn1.7-pretrained-frameid/best-frameid-1.7-model
[lr=0.1 clips=1 updates=58] epoch = 0.1100 loss = 0.530561
[lr=0.1 clips=0 updates=52] epoch = 0.1200 loss = 0.524330
[lr=0.1 clips=0 updates=50] epoch = 0.1300 loss = 0.524456
[lr=0.1 clips=0 updates=52] epoch = 0.1400 loss = 0.518064
[lr=0.1 clips=0 updates=50] epoch = 0.1500 loss = 0.516423
[dev epoch=0.1500] loss = 0.324241 f1 = 0.7663 (1741.0/2272.0) -- saving to logs/fn1.7-pretrained-frameid/best-frameid-1.7-model
[lr=0.1 clips=1 updates=60] epoch = 0.1600 loss = 0.517548
[lr=0.1 clips=1 updates=47] epoch = 0.1700 loss = 0.513585
[lr=0.1 clips=0 updates=61] epoch = 0.1800 loss = 0.517740
[lr=0.1 clips=0 updates=58] epoch = 0.1900 loss = 0.514901
[lr=0.1 clips=1 updates=64] epoch = 0.2000 loss = 0.516737
[dev epoch=0.2000] loss = 0.309435 f1 = 0.7874 (1789.0/2272.0) -- saving to logs/fn1.7-pretrained-frameid/best-frameid-1.7-model
[lr=0.1 clips=0 updates=52] epoch = 0.2100 loss = 0.511967
[lr=0.1 clips=1 updates=50] epoch = 0.2200 loss = 0.513013
[lr=0.1 clips=0 updates=58] epoch = 0.2300 loss = 0.515792
[lr=0.1 clips=0 updates=49] epoch = 0.2400 loss = 0.512679
[lr=0.1 clips=0 updates=51] epoch = 0.2500 loss = 0.513193
[dev epoch=0.2500] loss = 0.292378 f1 = 0.8103 (1841.0/2272.0) -- saving to logs/fn1.7-pretrained-frameid/best-frameid-1.7-model
[lr=0.1 clips=0 updates=46] epoch = 0.2600 loss = 0.507617
[lr=0.1 clips=1 updates=58] epoch = 0.2700 loss = 0.508949
[lr=0.1 clips=0 updates=51] epoch = 0.2800 loss = 0.505522
[lr=0.1 clips=0 updates=59] epoch = 0.2900 loss = 0.506831
[lr=0.1 clips=0 updates=61] epoch = 0.3000 loss = 0.508764
[dev epoch=0.3000] loss = 0.266063 f1 = 0.7997 (1817.0/2272.0)
[lr=0.1 clips=0 updates=52] epoch = 0.3100 loss = 0.507639
[lr=0.1 clips=1 updates=59] epoch = 0.3200 loss = 0.507752
[lr=0.1 clips=0 updates=53] epoch = 0.3300 loss = 0.506654
[lr=0.1 clips=0 updates=58] epoch = 0.3400 loss = 0.506552
[lr=0.1 clips=0 updates=53] epoch = 0.3500 loss = 0.506041
[dev epoch=0.3500] loss = 0.280378 f1 = 0.7993 (1816.0/2272.0)
[lr=0.1 clips=0 updates=54] epoch = 0.3600 loss = 0.505455
[lr=0.1 clips=0 updates=63] epoch = 0.3700 loss = 0.506803
[lr=0.1 clips=0 updates=49] epoch = 0.3800 loss = 0.503148
[lr=0.1 clips=1 updates=48] epoch = 0.3900 loss = 0.500627
[lr=0.1 clips=0 updates=55] epoch = 0.4000 loss = 0.499563
[dev epoch=0.4000] loss = 0.273357 f1 = 0.7936 (1803.0/2272.0)
[lr=0.1 clips=1 updates=62] epoch = 0.4100 loss = 0.499386
[lr=0.1 clips=0 updates=54] epoch = 0.4200 loss = 0.498625
[lr=0.1 clips=0 updates=55] epoch = 0.4300 loss = 0.496055
[lr=0.1 clips=3 updates=53] epoch = 0.4400 loss = 0.493396
[lr=0.1 clips=2 updates=56] epoch = 0.4500 loss = 0.490464
[dev epoch=0.4500] loss = 0.227097 f1 = 0.7971 (1811.0/2272.0)
[lr=0.1 clips=1 updates=51] epoch = 0.4600 loss = 0.489939
[lr=0.1 clips=0 updates=52] epoch = 0.4700 loss = 0.486293
[lr=0.1 clips=0 updates=52] epoch = 0.4800 loss = 0.484513
[lr=0.1 clips=1 updates=59] epoch = 0.4900 loss = 0.484850
[lr=0.1 clips=0 updates=55] epoch = 0.5000 loss = 0.484231
[dev epoch=0.5000] loss = 0.246698 f1 = 0.8011 (1820.0/2272.0)
[lr=0.1 clips=0 updates=53] epoch = 0.5100 loss = 0.482717
[lr=0.1 clips=1 updates=54] epoch = 0.5200 loss = 0.481040
[lr=0.1 clips=1 updates=48] epoch = 0.5300 loss = 0.478368
[lr=0.1 clips=0 updates=53] epoch = 0.5400 loss = 0.478014
[lr=0.1 clips=0 updates=53] epoch = 0.5500 loss = 0.476181
[dev epoch=0.5500] loss = 0.232246 f1 = 0.7993 (1816.0/2272.0)
[lr=0.1 clips=1 updates=54] epoch = 0.5600 loss = 0.474076
[lr=0.1 clips=1 updates=65] epoch = 0.5700 loss = 0.472742
[lr=0.1 clips=1 updates=57] epoch = 0.5800 loss = 0.471761
[lr=0.1 clips=2 updates=55] epoch = 0.5900 loss = 0.470324
[lr=0.1 clips=0 updates=55] epoch = 0.6000 loss = 0.469321
[dev epoch=0.6000] loss = 0.220912 f1 = 0.8204 (1864.0/2272.0) -- saving to logs/fn1.7-pretrained-frameid/best-frameid-1.7-model
[lr=0.1 clips=2 updates=53] epoch = 0.6100 loss = 0.467602
[lr=0.1 clips=1 updates=50] epoch = 0.6200 loss = 0.466283
[lr=0.1 clips=0 updates=56] epoch = 0.6300 loss = 0.466882
[lr=0.1 clips=0 updates=61] epoch = 0.6400 loss = 0.467370
[lr=0.1 clips=0 updates=47] epoch = 0.6500 loss = 0.465606
[dev epoch=0.6500] loss = 0.238971 f1 = 0.8217 (1867.0/2272.0) -- saving to logs/fn1.7-pretrained-frameid/best-frameid-1.7-model
[lr=0.1 clips=0 updates=65] epoch = 0.6600 loss = 0.466268
[lr=0.1 clips=0 updates=58] epoch = 0.6700 loss = 0.464679
[lr=0.1 clips=0 updates=51] epoch = 0.6800 loss = 0.463194
[lr=0.1 clips=0 updates=55] epoch = 0.6900 loss = 0.462888
[lr=0.1 clips=2 updates=57] epoch = 0.7000 loss = 0.462575
[dev epoch=0.7000] loss = 0.236046 f1 = 0.8160 (1854.0/2272.0)
[lr=0.1 clips=0 updates=56] epoch = 0.7100 loss = 0.461728
[lr=0.1 clips=0 updates=56] epoch = 0.7200 loss = 0.460667
[lr=0.1 clips=1 updates=53] epoch = 0.7300 loss = 0.460559
[lr=0.1 clips=1 updates=60] epoch = 0.7400 loss = 0.458915
[lr=0.1 clips=2 updates=53] epoch = 0.7500 loss = 0.460379
[dev epoch=0.7500] loss = 0.281304 f1 = 0.8112 (1843.0/2272.0)
[lr=0.1 clips=0 updates=56] epoch = 0.7600 loss = 0.459872
[lr=0.1 clips=0 updates=54] epoch = 0.7700 loss = 0.459238
[lr=0.1 clips=0 updates=50] epoch = 0.7800 loss = 0.459009
[lr=0.1 clips=0 updates=55] epoch = 0.7900 loss = 0.458840
[lr=0.1 clips=1 updates=54] epoch = 0.8000 loss = 0.458923
[dev epoch=0.8000] loss = 0.260546 f1 = 0.8319 (1890.0/2272.0) -- saving to logs/fn1.7-pretrained-frameid/best-frameid-1.7-model
[lr=0.1 clips=0 updates=60] epoch = 0.8100 loss = 0.459350
[lr=0.1 clips=0 updates=55] epoch = 0.8200 loss = 0.458793
[lr=0.1 clips=0 updates=54] epoch = 0.8300 loss = 0.457829
[lr=0.1 clips=0 updates=49] epoch = 0.8400 loss = 0.455833
[lr=0.1 clips=0 updates=57] epoch = 0.8500 loss = 0.455587
[dev epoch=0.8500] loss = 0.247636 f1 = 0.8103 (1841.0/2272.0)
[lr=0.1 clips=1 updates=51] epoch = 0.8600 loss = 0.454897
[lr=0.1 clips=2 updates=48] epoch = 0.8700 loss = 0.454859
[lr=0.1 clips=0 updates=48] epoch = 0.8800 loss = 0.453795
[lr=0.1 clips=1 updates=55] epoch = 0.8900 loss = 0.453306
[lr=0.1 clips=1 updates=54] epoch = 0.9000 loss = 0.451304
[dev epoch=0.9000] loss = 0.212265 f1 = 0.8292 (1884.0/2272.0)
[lr=0.1 clips=0 updates=51] epoch = 0.9100 loss = 0.449755
[lr=0.1 clips=0 updates=55] epoch = 0.9200 loss = 0.449839
[lr=0.1 clips=0 updates=51] epoch = 0.9300 loss = 0.447630
[lr=0.1 clips=1 updates=52] epoch = 0.9400 loss = 0.446828
[lr=0.1 clips=1 updates=56] epoch = 0.9500 loss = 0.445869
[dev epoch=0.9500] loss = 0.215223 f1 = 0.8288 (1883.0/2272.0)
[lr=0.1 clips=0 updates=45] epoch = 0.9600 loss = 0.444669
[lr=0.1 clips=2 updates=51] epoch = 0.9700 loss = 0.444566
[lr=0.1 clips=1 updates=58] epoch = 0.9800 loss = 0.444614
[lr=0.1 clips=0 updates=52] epoch = 0.9900 loss = 0.442821
[lr=0.1 clips=1 updates=63] epoch = 0.10000 loss = 0.442199
[dev epoch=0.10000] loss = 0.203379 f1 = 0.8393 (1907.0/2272.0) -- saving to logs/fn1.7-pretrained-frameid/best-frameid-1.7-model
[lr=0.1 clips=1 updates=56] epoch = 0.10100 loss = 0.441833
[lr=0.1 clips=0 updates=61] epoch = 0.10200 loss = 0.440365
[lr=0.1 clips=0 updates=60] epoch = 0.10300 loss = 0.439996
[lr=0.1 clips=0 updates=62] epoch = 0.10400 loss = 0.440425
[lr=0.1 clips=0 updates=51] epoch = 0.10500 loss = 0.439865
[dev epoch=0.10500] loss = 0.200782 f1 = 0.8420 (1913.0/2272.0) -- saving to logs/fn1.7-pretrained-frameid/best-frameid-1.7-model
[lr=0.1 clips=3 updates=54] epoch = 0.10600 loss = 0.439595
[lr=0.1 clips=2 updates=50] epoch = 0.10700 loss = 0.437915
[lr=0.1 clips=1 updates=59] epoch = 0.10800 loss = 0.437891
[lr=0.1 clips=1 updates=54] epoch = 0.10900 loss = 0.438120
[lr=0.1 clips=0 updates=59] epoch = 0.11000 loss = 0.438075
[dev epoch=0.11000] loss = 0.256785 f1 = 0.8411 (1911.0/2272.0)
[lr=0.1 clips=1 updates=50] epoch = 0.11100 loss = 0.437397
[lr=0.1 clips=1 updates=55] epoch = 0.11200 loss = 0.436763
[lr=0.1 clips=1 updates=55] epoch = 0.11300 loss = 0.436316
[lr=0.1 clips=1 updates=51] epoch = 0.11400 loss = 0.435037
[lr=0.1 clips=1 updates=67] epoch = 0.11500 loss = 0.435500
[dev epoch=0.11500] loss = 0.192194 f1 = 0.8534 (1939.0/2272.0) -- saving to logs/fn1.7-pretrained-frameid/best-frameid-1.7-model
[lr=0.1 clips=3 updates=58] epoch = 0.11600 loss = 0.434550
[lr=0.1 clips=2 updates=53] epoch = 0.11700 loss = 0.433628
[lr=0.1 clips=1 updates=54] epoch = 0.11800 loss = 0.432750
[lr=0.1 clips=2 updates=65] epoch = 0.11900 loss = 0.433100
[lr=0.1 clips=2 updates=61] epoch = 0.12000 loss = 0.433110
[dev epoch=0.12000] loss = 0.176733 f1 = 0.8508 (1933.0/2272.0)
[lr=0.1 clips=0 updates=53] epoch = 0.12100 loss = 0.432065
[lr=0.1 clips=0 updates=51] epoch = 0.12200 loss = 0.431631
[lr=0.1 clips=1 updates=48] epoch = 0.12300 loss = 0.430541
[lr=0.1 clips=0 updates=51] epoch = 0.12400 loss = 0.430226
[lr=0.1 clips=1 updates=65] epoch = 0.12500 loss = 0.430675
[dev epoch=0.12500] loss = 0.212277 f1 = 0.8486 (1928.0/2272.0)
[lr=0.1 clips=0 updates=47] epoch = 0.12600 loss = 0.429105
[lr=0.1 clips=0 updates=47] epoch = 0.12700 loss = 0.427808
[lr=0.1 clips=2 updates=56] epoch = 0.12800 loss = 0.427791
[lr=0.1 clips=2 updates=53] epoch = 0.12900 loss = 0.427831
[lr=0.1 clips=1 updates=60] epoch = 0.13000 loss = 0.426945
[dev epoch=0.13000] loss = 0.209034 f1 = 0.8675 (1971.0/2272.0) -- saving to logs/fn1.7-pretrained-frameid/best-frameid-1.7-model
[lr=0.1 clips=1 updates=53] epoch = 0.13100 loss = 0.426611
[lr=0.1 clips=2 updates=55] epoch = 0.13200 loss = 0.426428
[lr=0.1 clips=2 updates=62] epoch = 0.13300 loss = 0.426677
[lr=0.1 clips=1 updates=59] epoch = 0.13400 loss = 0.426166
[lr=0.1 clips=2 updates=55] epoch = 0.13500 loss = 0.426592
[dev epoch=0.13500] loss = 0.199803 f1 = 0.8578 (1949.0/2272.0)
[lr=0.1 clips=0 updates=50] epoch = 0.13600 loss = 0.425677
[lr=0.1 clips=2 updates=54] epoch = 0.13700 loss = 0.425738
[lr=0.1 clips=2 updates=60] epoch = 0.13800 loss = 0.425419
[lr=0.1 clips=0 updates=51] epoch = 0.13900 loss = 0.424303
[lr=0.1 clips=1 updates=58] epoch = 0.14000 loss = 0.423581
[dev epoch=0.14000] loss = 0.170126 f1 = 0.8600 (1954.0/2272.0)
[lr=0.1 clips=2 updates=52] epoch = 0.14100 loss = 0.422866
[lr=0.1 clips=1 updates=56] epoch = 0.14200 loss = 0.422224
[lr=0.1 clips=0 updates=64] epoch = 0.14300 loss = 0.422725
[lr=0.1 clips=0 updates=57] epoch = 0.14400 loss = 0.422064
[lr=0.1 clips=0 updates=59] epoch = 0.14500 loss = 0.421413
[dev epoch=0.14500] loss = 0.180558 f1 = 0.8411 (1911.0/2272.0)
[lr=0.1 clips=1 updates=59] epoch = 0.14600 loss = 0.420867
[lr=0.1 clips=1 updates=51] epoch = 0.14700 loss = 0.419771
[lr=0.1 clips=3 updates=55] epoch = 0.14800 loss = 0.419366
[lr=0.1 clips=3 updates=58] epoch = 0.14900 loss = 0.419642
[lr=0.1 clips=3 updates=57] epoch = 0.15000 loss = 0.419422
[dev epoch=0.15000] loss = 0.226644 f1 = 0.8424 (1914.0/2272.0)
[lr=0.1 clips=2 updates=54] epoch = 0.15100 loss = 0.419640
[lr=0.1 clips=0 updates=60] epoch = 0.15200 loss = 0.419470
[lr=0.1 clips=1 updates=59] epoch = 0.15300 loss = 0.419874
[lr=0.1 clips=0 updates=56] epoch = 0.15400 loss = 0.419412
[lr=0.1 clips=1 updates=55] epoch = 0.15500 loss = 0.418975
[dev epoch=0.15500] loss = 0.224183 f1 = 0.8477 (1926.0/2272.0)
[lr=0.1 clips=1 updates=60] epoch = 0.15600 loss = 0.418472
[lr=0.1 clips=1 updates=58] epoch = 0.15700 loss = 0.417819
[lr=0.1 clips=0 updates=55] epoch = 0.15800 loss = 0.417333
[lr=0.1 clips=3 updates=65] epoch = 0.15900 loss = 0.417847
[lr=0.1 clips=1 updates=53] epoch = 0.16000 loss = 0.417351
[dev epoch=0.16000] loss = 0.191632 f1 = 0.8618 (1958.0/2272.0)
[lr=0.1 clips=2 updates=51] epoch = 0.16100 loss = 0.416441
[lr=0.1 clips=2 updates=52] epoch = 0.16200 loss = 0.415976
[lr=0.1 clips=0 updates=62] epoch = 0.16300 loss = 0.415326
[lr=0.1 clips=0 updates=48] epoch = 0.16400 loss = 0.414178
[lr=0.1 clips=4 updates=60] epoch = 0.16500 loss = 0.414116
[dev epoch=0.16500] loss = 0.171534 f1 = 0.8411 (1911.0/2272.0)
[lr=0.1 clips=2 updates=57] epoch = 0.16600 loss = 0.413653
[lr=0.1 clips=0 updates=58] epoch = 0.16700 loss = 0.412888
[lr=0.1 clips=2 updates=49] epoch = 0.16800 loss = 0.413055
[lr=0.1 clips=0 updates=48] epoch = 0.16900 loss = 0.411933
[lr=0.1 clips=3 updates=50] epoch = 0.17000 loss = 0.411432
[dev epoch=0.17000] loss = 0.197869 f1 = 0.8565 (1946.0/2272.0)
[lr=0.1 clips=1 updates=59] epoch = 0.17100 loss = 0.410957
[lr=0.1 clips=1 updates=57] epoch = 0.17200 loss = 0.410829
[lr=0.1 clips=0 updates=56] epoch = 0.17300 loss = 0.410632
[lr=0.1 clips=1 updates=50] epoch = 0.17400 loss = 0.409875
[lr=0.1 clips=0 updates=59] epoch = 0.17500 loss = 0.409924
[dev epoch=0.17500] loss = 0.171351 f1 = 0.8693 (1975.0/2272.0) -- saving to logs/fn1.7-pretrained-frameid/best-frameid-1.7-model
[lr=0.1 clips=1 updates=53] epoch = 0.17600 loss = 0.409633
[lr=0.1 clips=2 updates=58] epoch = 0.17700 loss = 0.409431
[lr=0.1 clips=0 updates=53] epoch = 0.17800 loss = 0.408413
[lr=0.1 clips=2 updates=50] epoch = 0.17900 loss = 0.407995
[lr=0.1 clips=2 updates=61] epoch = 0.18000 loss = 0.407659
[dev epoch=0.18000] loss = 0.200818 f1 = 0.8609 (1956.0/2272.0)
[lr=0.1 clips=1 updates=56] epoch = 0.18100 loss = 0.407355
[lr=0.1 clips=0 updates=55] epoch = 0.18200 loss = 0.406767
[lr=0.1 clips=1 updates=55] epoch = 0.18300 loss = 0.406708
[lr=0.1 clips=1 updates=56] epoch = 0.18400 loss = 0.406344
[lr=0.1 clips=1 updates=44] epoch = 0.18500 loss = 0.405802
[dev epoch=0.18500] loss = 0.214657 f1 = 0.8715 (1980.0/2272.0) -- saving to logs/fn1.7-pretrained-frameid/best-frameid-1.7-model
[lr=0.1 clips=0 updates=56] epoch = 0.18600 loss = 0.404628
[lr=0.1 clips=1 updates=58] epoch = 0.18700 loss = 0.404036
[lr=0.1 clips=1 updates=57] epoch = 0.18800 loss = 0.403666
[lr=0.1 clips=3 updates=62] epoch = 0.18900 loss = 0.403340
[lr=0.1 clips=1 updates=50] epoch = 0.19000 loss = 0.402776
[dev epoch=0.19000] loss = 0.167762 f1 = 0.8772 (1993.0/2272.0) -- saving to logs/fn1.7-pretrained-frameid/best-frameid-1.7-model
[lr=0.1 clips=3 updates=59] epoch = 0.19100 loss = 0.403030
[lr=0.1 clips=0 updates=50] epoch = 0.19200 loss = 0.402458
[lr=0.1 clips=1 updates=50] epoch = 0.19300 loss = 0.401964
[lr=0.1 clips=3 updates=103] epoch = 1.100 loss = 0.249127
[lr=0.1 clips=2 updates=53] epoch = 1.200 loss = 0.225269
[lr=0.1 clips=0 updates=43] epoch = 1.300 loss = 0.210328
[lr=0.1 clips=5 updates=52] epoch = 1.400 loss = 0.243495
[lr=0.1 clips=2 updates=59] epoch = 1.500 loss = 0.261725
[dev epoch=1.500] loss = 0.156907 f1 = 0.8653 (1966.0/2272.0)
[lr=0.1 clips=0 updates=58] epoch = 1.600 loss = 0.276807
[lr=0.1 clips=0 updates=56] epoch = 1.700 loss = 0.271326
[lr=0.1 clips=4 updates=55] epoch = 1.800 loss = 0.272159
[lr=0.1 clips=0 updates=55] epoch = 1.900 loss = 0.275996
[lr=0.1 clips=1 updates=54] epoch = 1.1000 loss = 0.276150
[dev epoch=1.1000] loss = 0.162181 f1 = 0.8627 (1960.0/2272.0)
[lr=0.1 clips=1 updates=53] epoch = 1.1100 loss = 0.278138
[lr=0.1 clips=4 updates=59] epoch = 1.1200 loss = 0.289910
[lr=0.1 clips=2 updates=58] epoch = 1.1300 loss = 0.304156
[lr=0.1 clips=1 updates=61] epoch = 1.1400 loss = 0.306218
[lr=0.1 clips=2 updates=59] epoch = 1.1500 loss = 0.306857
[dev epoch=1.1500] loss = 0.183797 f1 = 0.8776 (1994.0/2272.0) -- saving to logs/fn1.7-pretrained-frameid/best-frameid-1.7-model
[lr=0.1 clips=0 updates=58] epoch = 1.1600 loss = 0.309994
[lr=0.1 clips=3 updates=56] epoch = 1.1700 loss = 0.317962
[lr=0.1 clips=3 updates=54] epoch = 1.1800 loss = 0.325337
[lr=0.1 clips=1 updates=62] epoch = 1.1900 loss = 0.324030
[lr=0.1 clips=0 updates=56] epoch = 1.2000 loss = 0.320304
[dev epoch=1.2000] loss = 0.170700 f1 = 0.8688 (1974.0/2272.0)
[lr=0.1 clips=1 updates=55] epoch = 1.2100 loss = 0.317632
[lr=0.1 clips=0 updates=52] epoch = 1.2200 loss = 0.314926
[lr=0.1 clips=1 updates=56] epoch = 1.2300 loss = 0.310718
[lr=0.1 clips=2 updates=54] epoch = 1.2400 loss = 0.311266
[lr=0.1 clips=0 updates=53] epoch = 1.2500 loss = 0.310408
[dev epoch=1.2500] loss = 0.149271 f1 = 0.8587 (1951.0/2272.0)
[lr=0.1 clips=1 updates=60] epoch = 1.2600 loss = 0.314613
[lr=0.1 clips=4 updates=63] epoch = 1.2700 loss = 0.319433
[lr=0.1 clips=1 updates=47] epoch = 1.2800 loss = 0.318388
[lr=0.1 clips=2 updates=51] epoch = 1.2900 loss = 0.317152
[lr=0.1 clips=1 updates=60] epoch = 1.3000 loss = 0.318447
[dev epoch=1.3000] loss = 0.170915 f1 = 0.8741 (1986.0/2272.0)
[lr=0.1 clips=2 updates=55] epoch = 1.3100 loss = 0.318097
[lr=0.1 clips=2 updates=52] epoch = 1.3200 loss = 0.317857
[lr=0.1 clips=1 updates=58] epoch = 1.3300 loss = 0.319500
[lr=0.1 clips=1 updates=62] epoch = 1.3400 loss = 0.317194
[lr=0.1 clips=2 updates=57] epoch = 1.3500 loss = 0.315015
[dev epoch=1.3500] loss = 0.148510 f1 = 0.8798 (1999.0/2272.0) -- saving to logs/fn1.7-pretrained-frameid/best-frameid-1.7-model
[lr=0.1 clips=3 updates=58] epoch = 1.3600 loss = 0.314107
[lr=0.1 clips=6 updates=67] epoch = 1.3700 loss = 0.315997
[lr=0.1 clips=3 updates=55] epoch = 1.3800 loss = 0.319536
[lr=0.1 clips=0 updates=55] epoch = 1.3900 loss = 0.317377
[lr=0.1 clips=0 updates=59] epoch = 1.4000 loss = 0.315525
[dev epoch=1.4000] loss = 0.163977 f1 = 0.8746 (1987.0/2272.0)
[lr=0.1 clips=1 updates=45] epoch = 1.4100 loss = 0.313780
[lr=0.1 clips=2 updates=46] epoch = 1.4200 loss = 0.311543
[lr=0.1 clips=2 updates=56] epoch = 1.4300 loss = 0.310682
[lr=0.1 clips=1 updates=54] epoch = 1.4400 loss = 0.310749
[lr=0.1 clips=3 updates=58] epoch = 1.4500 loss = 0.314384
[dev epoch=1.4500] loss = 0.178707 f1 = 0.8561 (1945.0/2272.0)
[lr=0.1 clips=0 updates=52] epoch = 1.4600 loss = 0.313330
[lr=0.1 clips=3 updates=47] epoch = 1.4700 loss = 0.313315
[lr=0.1 clips=1 updates=68] epoch = 1.4800 loss = 0.314850
[lr=0.1 clips=4 updates=59] epoch = 1.4900 loss = 0.315729
[lr=0.1 clips=2 updates=50] epoch = 1.5000 loss = 0.316844
[dev epoch=1.5000] loss = 0.173280 f1 = 0.8534 (1939.0/2272.0)
[lr=0.1 clips=4 updates=50] epoch = 1.5100 loss = 0.317185
[lr=0.1 clips=2 updates=50] epoch = 1.5200 loss = 0.316986
[lr=0.1 clips=1 updates=50] epoch = 1.5300 loss = 0.316606
[lr=0.1 clips=0 updates=53] epoch = 1.5400 loss = 0.315812
[lr=0.1 clips=2 updates=51] epoch = 1.5500 loss = 0.316150
[dev epoch=1.5500] loss = 0.169048 f1 = 0.8495 (1930.0/2272.0)
[lr=0.1 clips=0 updates=58] epoch = 1.5600 loss = 0.314408
[lr=0.1 clips=2 updates=57] epoch = 1.5700 loss = 0.314230
[lr=0.1 clips=1 updates=67] epoch = 1.5800 loss = 0.314446
[lr=0.1 clips=3 updates=56] epoch = 1.5900 loss = 0.313966
[lr=0.1 clips=2 updates=54] epoch = 1.6000 loss = 0.314018
[dev epoch=1.6000] loss = 0.183030 f1 = 0.8508 (1933.0/2272.0)
[lr=0.1 clips=1 updates=52] epoch = 1.6100 loss = 0.314500
[lr=0.1 clips=2 updates=56] epoch = 1.6200 loss = 0.313348
[lr=0.1 clips=1 updates=55] epoch = 1.6300 loss = 0.313619
[lr=0.1 clips=0 updates=43] epoch = 1.6400 loss = 0.311522
[lr=0.1 clips=4 updates=48] epoch = 1.6500 loss = 0.311564
[dev epoch=1.6500] loss = 0.162136 f1 = 0.8543 (1941.0/2272.0)
[lr=0.1 clips=3 updates=61] epoch = 1.6600 loss = 0.312774
[lr=0.1 clips=2 updates=64] epoch = 1.6700 loss = 0.313617
[lr=0.1 clips=0 updates=50] epoch = 1.6800 loss = 0.314169
[lr=0.1 clips=1 updates=55] epoch = 1.6900 loss = 0.313630
[lr=0.1 clips=1 updates=54] epoch = 1.7000 loss = 0.314320
[dev epoch=1.7000] loss = 0.178465 f1 = 0.8552 (1943.0/2272.0)
[lr=0.1 clips=2 updates=58] epoch = 1.7100 loss = 0.314223
[lr=0.1 clips=1 updates=51] epoch = 1.7200 loss = 0.313374
[lr=0.1 clips=1 updates=63] epoch = 1.7300 loss = 0.313228
[lr=0.1 clips=2 updates=59] epoch = 1.7400 loss = 0.312666
[lr=0.1 clips=2 updates=54] epoch = 1.7500 loss = 0.314460
[dev epoch=1.7500] loss = 0.186717 f1 = 0.8570 (1947.0/2272.0)
[lr=0.1 clips=1 updates=59] epoch = 1.7600 loss = 0.313873
[lr=0.1 clips=2 updates=65] epoch = 1.7700 loss = 0.315007
[lr=0.1 clips=1 updates=59] epoch = 1.7800 loss = 0.314236
[lr=0.1 clips=3 updates=54] epoch = 1.7900 loss = 0.313481
[lr=0.1 clips=1 updates=53] epoch = 1.8000 loss = 0.313499
[dev epoch=1.8000] loss = 0.161839 f1 = 0.8697 (1976.0/2272.0)
[lr=0.1 clips=2 updates=53] epoch = 1.8100 loss = 0.312908
[lr=0.1 clips=1 updates=54] epoch = 1.8200 loss = 0.312604
[lr=0.1 clips=1 updates=54] epoch = 1.8300 loss = 0.311555
[lr=0.1 clips=2 updates=47] epoch = 1.8400 loss = 0.311106
[lr=0.1 clips=2 updates=54] epoch = 1.8500 loss = 0.310748
[dev epoch=1.8500] loss = 0.145580 f1 = 0.8693 (1975.0/2272.0)
[lr=0.1 clips=2 updates=48] epoch = 1.8600 loss = 0.310560
[lr=0.1 clips=1 updates=57] epoch = 1.8700 loss = 0.310093
[lr=0.1 clips=1 updates=49] epoch = 1.8800 loss = 0.309312
[lr=0.1 clips=1 updates=62] epoch = 1.8900 loss = 0.309265
[lr=0.1 clips=3 updates=54] epoch = 1.9000 loss = 0.308994
[dev epoch=1.9000] loss = 0.160290 f1 = 0.8706 (1978.0/2272.0)
[lr=0.1 clips=2 updates=47] epoch = 1.9100 loss = 0.308322
[lr=0.1 clips=2 updates=53] epoch = 1.9200 loss = 0.307881
[lr=0.1 clips=5 updates=58] epoch = 1.9300 loss = 0.308486
[lr=0.1 clips=2 updates=57] epoch = 1.9400 loss = 0.308524
[lr=0.1 clips=3 updates=54] epoch = 1.9500 loss = 0.309036
[dev epoch=1.9500] loss = 0.180131 f1 = 0.8649 (1965.0/2272.0)
[lr=0.1 clips=2 updates=58] epoch = 1.9600 loss = 0.309282
[lr=0.1 clips=3 updates=54] epoch = 1.9700 loss = 0.309598
[lr=0.1 clips=1 updates=64] epoch = 1.9800 loss = 0.309005
[lr=0.1 clips=3 updates=61] epoch = 1.9900 loss = 0.310191
[lr=0.1 clips=0 updates=48] epoch = 1.10000 loss = 0.309248
[dev epoch=1.10000] loss = 0.163517 f1 = 0.8552 (1943.0/2272.0)
[lr=0.1 clips=2 updates=61] epoch = 1.10100 loss = 0.310633
[lr=0.1 clips=2 updates=66] epoch = 1.10200 loss = 0.310827
[lr=0.1 clips=0 updates=53] epoch = 1.10300 loss = 0.310642
[lr=0.1 clips=1 updates=45] epoch = 1.10400 loss = 0.310226
[lr=0.1 clips=1 updates=55] epoch = 1.10500 loss = 0.309755
[dev epoch=1.10500] loss = 0.168404 f1 = 0.8543 (1941.0/2272.0)
[lr=0.1 clips=0 updates=58] epoch = 1.10600 loss = 0.309201
[lr=0.1 clips=1 updates=53] epoch = 1.10700 loss = 0.309643
[lr=0.1 clips=1 updates=56] epoch = 1.10800 loss = 0.310361
[lr=0.1 clips=0 updates=51] epoch = 1.10900 loss = 0.309532
[lr=0.1 clips=3 updates=49] epoch = 1.11000 loss = 0.309985
[dev epoch=1.11000] loss = 0.176843 f1 = 0.8482 (1927.0/2272.0)
[lr=0.1 clips=1 updates=58] epoch = 1.11100 loss = 0.310464
[lr=0.1 clips=1 updates=49] epoch = 1.11200 loss = 0.309902
[lr=0.1 clips=1 updates=61] epoch = 1.11300 loss = 0.310409
[lr=0.1 clips=2 updates=61] epoch = 1.11400 loss = 0.311592
[lr=0.1 clips=3 updates=57] epoch = 1.11500 loss = 0.311706
[dev epoch=1.11500] loss = 0.206116 f1 = 0.8565 (1946.0/2272.0)
[lr=0.1 clips=1 updates=47] epoch = 1.11600 loss = 0.310660
[lr=0.1 clips=1 updates=60] epoch = 1.11700 loss = 0.311484
[lr=0.1 clips=2 updates=53] epoch = 1.11800 loss = 0.311227
[lr=0.1 clips=1 updates=46] epoch = 1.11900 loss = 0.310761
[lr=0.1 clips=1 updates=51] epoch = 1.12000 loss = 0.310855
[dev epoch=1.12000] loss = 0.182181 f1 = 0.8534 (1939.0/2272.0)
[lr=0.1 clips=5 updates=57] epoch = 1.12100 loss = 0.312054
[lr=0.1 clips=0 updates=57] epoch = 1.12200 loss = 0.311513
[lr=0.1 clips=2 updates=54] epoch = 1.12300 loss = 0.312733
[lr=0.1 clips=0 updates=55] epoch = 1.12400 loss = 0.312631
[lr=0.1 clips=4 updates=51] epoch = 1.12500 loss = 0.312830
[dev epoch=1.12500] loss = 0.186471 f1 = 0.8570 (1947.0/2272.0)
[lr=0.1 clips=1 updates=51] epoch = 1.12600 loss = 0.312322
[lr=0.1 clips=2 updates=50] epoch = 1.12700 loss = 0.312784
[lr=0.1 clips=0 updates=57] epoch = 1.12800 loss = 0.312934
[lr=0.1 clips=1 updates=56] epoch = 1.12900 loss = 0.312953
[lr=0.1 clips=1 updates=53] epoch = 1.13000 loss = 0.312630
[dev epoch=1.13000] loss = 0.174741 f1 = 0.8486 (1928.0/2272.0)
[lr=0.1 clips=4 updates=47] epoch = 1.13100 loss = 0.312710
[lr=0.1 clips=2 updates=56] epoch = 1.13200 loss = 0.313254
[lr=0.1 clips=1 updates=53] epoch = 1.13300 loss = 0.313332
[lr=0.1 clips=0 updates=52] epoch = 1.13400 loss = 0.312228
[lr=0.1 clips=1 updates=54] epoch = 1.13500 loss = 0.311728
[dev epoch=1.13500] loss = 0.162384 f1 = 0.8521 (1936.0/2272.0)
[lr=0.1 clips=0 updates=47] epoch = 1.13600 loss = 0.311025
[lr=0.1 clips=2 updates=55] epoch = 1.13700 loss = 0.310889
[lr=0.1 clips=4 updates=54] epoch = 1.13800 loss = 0.311700
[lr=0.1 clips=2 updates=66] epoch = 1.13900 loss = 0.312044
[lr=0.1 clips=1 updates=62] epoch = 1.14000 loss = 0.311776
[dev epoch=1.14000] loss = 0.180975 f1 = 0.8543 (1941.0/2272.0)
[lr=0.1 clips=2 updates=49] epoch = 1.14100 loss = 0.311403
[lr=0.1 clips=1 updates=65] epoch = 1.14200 loss = 0.312227
[lr=0.1 clips=2 updates=60] epoch = 1.14300 loss = 0.312954
[lr=0.1 clips=1 updates=54] epoch = 1.14400 loss = 0.313350
[lr=0.1 clips=0 updates=51] epoch = 1.14500 loss = 0.312859
[dev epoch=1.14500] loss = 0.165169 f1 = 0.8605 (1955.0/2272.0)
[lr=0.1 clips=0 updates=54] epoch = 1.14600 loss = 0.312488
[lr=0.1 clips=1 updates=45] epoch = 1.14700 loss = 0.312366
[lr=0.1 clips=1 updates=58] epoch = 1.14800 loss = 0.312300
[lr=0.1 clips=0 updates=54] epoch = 1.14900 loss = 0.311487
[lr=0.1 clips=3 updates=50] epoch = 1.15000 loss = 0.311493
[dev epoch=1.15000] loss = 0.177413 f1 = 0.8627 (1960.0/2272.0)
[lr=0.1 clips=1 updates=63] epoch = 1.15100 loss = 0.312110
[lr=0.1 clips=2 updates=55] epoch = 1.15200 loss = 0.311582
[lr=0.1 clips=4 updates=67] epoch = 1.15300 loss = 0.312628
[lr=0.1 clips=1 updates=56] epoch = 1.15400 loss = 0.312001
[lr=0.1 clips=2 updates=46] epoch = 1.15500 loss = 0.311878
[dev epoch=1.15500] loss = 0.157657 f1 = 0.8521 (1936.0/2272.0)
[lr=0.1 clips=0 updates=50] epoch = 1.15600 loss = 0.311280
[lr=0.1 clips=0 updates=59] epoch = 1.15700 loss = 0.311026
[lr=0.1 clips=1 updates=52] epoch = 1.15800 loss = 0.310703
[lr=0.1 clips=5 updates=53] epoch = 1.15900 loss = 0.310882
[lr=0.1 clips=1 updates=56] epoch = 1.16000 loss = 0.310678
[dev epoch=1.16000] loss = 0.166472 f1 = 0.8486 (1928.0/2272.0)
[lr=0.1 clips=1 updates=57] epoch = 1.16100 loss = 0.310682
[lr=0.1 clips=1 updates=43] epoch = 1.16200 loss = 0.309847
[lr=0.1 clips=1 updates=59] epoch = 1.16300 loss = 0.309663
[lr=0.1 clips=3 updates=58] epoch = 1.16400 loss = 0.310071
[lr=0.1 clips=0 updates=55] epoch = 1.16500 loss = 0.310091
[dev epoch=1.16500] loss = 0.165106 f1 = 0.8583 (1950.0/2272.0)
[lr=0.1 clips=4 updates=55] epoch = 1.16600 loss = 0.310715
[lr=0.1 clips=1 updates=61] epoch = 1.16700 loss = 0.311163
[lr=0.1 clips=2 updates=60] epoch = 1.16800 loss = 0.311294
[lr=0.1 clips=0 updates=51] epoch = 1.16900 loss = 0.310785
[lr=0.1 clips=2 updates=52] epoch = 1.17000 loss = 0.310877
[dev epoch=1.17000] loss = 0.168363 f1 = 0.8574 (1948.0/2272.0)
[lr=0.1 clips=6 updates=56] epoch = 1.17100 loss = 0.311866
[lr=0.1 clips=3 updates=52] epoch = 1.17200 loss = 0.312141
[lr=0.1 clips=0 updates=54] epoch = 1.17300 loss = 0.311737
[lr=0.1 clips=0 updates=56] epoch = 1.17400 loss = 0.311672
[lr=0.1 clips=2 updates=58] epoch = 1.17500 loss = 0.311766
[dev epoch=1.17500] loss = 0.169525 f1 = 0.8675 (1971.0/2272.0)
[lr=0.1 clips=3 updates=57] epoch = 1.17600 loss = 0.311699
[lr=0.1 clips=2 updates=58] epoch = 1.17700 loss = 0.311780
[lr=0.1 clips=2 updates=52] epoch = 1.17800 loss = 0.311799
[lr=0.1 clips=1 updates=49] epoch = 1.17900 loss = 0.311472
[lr=0.1 clips=2 updates=54] epoch = 1.18000 loss = 0.311595
[dev epoch=1.18000] loss = 0.162111 f1 = 0.8807 (2001.0/2272.0) -- saving to logs/fn1.7-pretrained-frameid/best-frameid-1.7-model
[lr=0.1 clips=1 updates=51] epoch = 1.18100 loss = 0.311589
[lr=0.1 clips=0 updates=58] epoch = 1.18200 loss = 0.311595
[lr=0.1 clips=3 updates=53] epoch = 1.18300 loss = 0.312126
[lr=0.1 clips=2 updates=54] epoch = 1.18400 loss = 0.312516
[lr=0.1 clips=1 updates=53] epoch = 1.18500 loss = 0.313027
[dev epoch=1.18500] loss = 0.184985 f1 = 0.8750 (1988.0/2272.0)
[lr=0.1 clips=0 updates=54] epoch = 1.18600 loss = 0.312774
[lr=0.1 clips=1 updates=61] epoch = 1.18700 loss = 0.312842
[lr=0.1 clips=2 updates=51] epoch = 1.18800 loss = 0.312543
[lr=0.1 clips=0 updates=53] epoch = 1.18900 loss = 0.312250
[lr=0.1 clips=3 updates=53] epoch = 1.19000 loss = 0.312469
[dev epoch=1.19000] loss = 0.164203 f1 = 0.8856 (2012.0/2272.0) -- saving to logs/fn1.7-pretrained-frameid/best-frameid-1.7-model
[lr=0.1 clips=2 updates=48] epoch = 1.19100 loss = 0.312343
[lr=0.1 clips=2 updates=59] epoch = 1.19200 loss = 0.312833
[lr=0.1 clips=0 updates=54] epoch = 1.19300 loss = 0.312354
[lr=0.1 clips=3 updates=99] epoch = 2.100 loss = 0.225637
[lr=0.1 clips=0 updates=50] epoch = 2.200 loss = 0.215447
[lr=0.1 clips=3 updates=52] epoch = 2.300 loss = 0.261457
[lr=0.1 clips=0 updates=45] epoch = 2.400 loss = 0.232409
[lr=0.1 clips=0 updates=53] epoch = 2.500 loss = 0.238171
[dev epoch=2.500] loss = 0.159517 f1 = 0.8697 (1976.0/2272.0)
[lr=0.1 clips=3 updates=61] epoch = 2.600 loss = 0.256603
[lr=0.1 clips=1 updates=65] epoch = 2.700 loss = 0.243763
[lr=0.1 clips=2 updates=56] epoch = 2.800 loss = 0.255212
[lr=0.1 clips=0 updates=56] epoch = 2.900 loss = 0.246136
[lr=0.1 clips=0 updates=61] epoch = 2.1000 loss = 0.254024
[dev epoch=2.1000] loss = 0.153304 f1 = 0.8666 (1969.0/2272.0)
[lr=0.1 clips=0 updates=60] epoch = 2.1100 loss = 0.252689
[lr=0.1 clips=1 updates=61] epoch = 2.1200 loss = 0.252842
[lr=0.1 clips=2 updates=59] epoch = 2.1300 loss = 0.256381
[lr=0.1 clips=2 updates=61] epoch = 2.1400 loss = 0.258876
[lr=0.1 clips=1 updates=47] epoch = 2.1500 loss = 0.252185
[dev epoch=2.1500] loss = 0.126854 f1 = 0.8710 (1979.0/2272.0)
[lr=0.1 clips=2 updates=63] epoch = 2.1600 loss = 0.251035
[lr=0.1 clips=0 updates=52] epoch = 2.1700 loss = 0.246366
[lr=0.1 clips=2 updates=58] epoch = 2.1800 loss = 0.245632
[lr=0.1 clips=4 updates=60] epoch = 2.1900 loss = 0.259521
[lr=0.1 clips=3 updates=49] epoch = 2.2000 loss = 0.264104
[dev epoch=2.2000] loss = 0.170295 f1 = 0.8706 (1978.0/2272.0)
[lr=0.1 clips=0 updates=58] epoch = 2.2100 loss = 0.260807
[lr=0.1 clips=0 updates=58] epoch = 2.2200 loss = 0.261278
[lr=0.1 clips=2 updates=50] epoch = 2.2300 loss = 0.262210
[lr=0.1 clips=1 updates=50] epoch = 2.2400 loss = 0.262090
[lr=0.1 clips=4 updates=64] epoch = 2.2500 loss = 0.266745
[dev epoch=2.2500] loss = 0.147243 f1 = 0.8653 (1966.0/2272.0)
[lr=0.1 clips=0 updates=54] epoch = 2.2600 loss = 0.265716
[lr=0.1 clips=2 updates=52] epoch = 2.2700 loss = 0.268721
[lr=0.1 clips=2 updates=61] epoch = 2.2800 loss = 0.270978
[lr=0.1 clips=3 updates=58] epoch = 2.2900 loss = 0.273111
[lr=0.1 clips=3 updates=55] epoch = 2.3000 loss = 0.277703
[dev epoch=2.3000] loss = 0.188355 f1 = 0.8790 (1997.0/2272.0)
[lr=0.1 clips=0 updates=58] epoch = 2.3100 loss = 0.279289
[lr=0.1 clips=2 updates=58] epoch = 2.3200 loss = 0.279042
[lr=0.1 clips=2 updates=52] epoch = 2.3300 loss = 0.277195
[lr=0.1 clips=3 updates=58] epoch = 2.3400 loss = 0.278649
[lr=0.1 clips=2 updates=48] epoch = 2.3500 loss = 0.276654
[dev epoch=2.3500] loss = 0.141525 f1 = 0.8631 (1961.0/2272.0)
[lr=0.1 clips=1 updates=61] epoch = 2.3600 loss = 0.277978
[lr=0.1 clips=1 updates=57] epoch = 2.3700 loss = 0.278173
[lr=0.1 clips=2 updates=64] epoch = 2.3800 loss = 0.283051
[lr=0.1 clips=0 updates=58] epoch = 2.3900 loss = 0.284575
[lr=0.1 clips=1 updates=56] epoch = 2.4000 loss = 0.283799
[dev epoch=2.4000] loss = 0.152068 f1 = 0.8587 (1951.0/2272.0)
[lr=0.1 clips=1 updates=52] epoch = 2.4100 loss = 0.282622
[lr=0.1 clips=4 updates=62] epoch = 2.4200 loss = 0.285223
[lr=0.1 clips=1 updates=54] epoch = 2.4300 loss = 0.283901
[lr=0.1 clips=1 updates=56] epoch = 2.4400 loss = 0.285647
[lr=0.1 clips=1 updates=59] epoch = 2.4500 loss = 0.284996
[dev epoch=2.4500] loss = 0.156666 f1 = 0.8675 (1971.0/2272.0)
[lr=0.1 clips=1 updates=51] epoch = 2.4600 loss = 0.285698
[lr=0.1 clips=1 updates=58] epoch = 2.4700 loss = 0.283989
[lr=0.1 clips=2 updates=51] epoch = 2.4800 loss = 0.282918
[lr=0.1 clips=1 updates=57] epoch = 2.4900 loss = 0.281318
[lr=0.1 clips=2 updates=53] epoch = 2.5000 loss = 0.279980
[dev epoch=2.5000] loss = 0.135432 f1 = 0.8728 (1983.0/2272.0)
[lr=0.1 clips=1 updates=51] epoch = 2.5100 loss = 0.277897
[lr=0.1 clips=2 updates=56] epoch = 2.5200 loss = 0.277730
[lr=0.1 clips=3 updates=57] epoch = 2.5300 loss = 0.278160
[lr=0.1 clips=3 updates=58] epoch = 2.5400 loss = 0.278855
[lr=0.1 clips=3 updates=58] epoch = 2.5500 loss = 0.279945
[dev epoch=2.5500] loss = 0.144262 f1 = 0.8552 (1943.0/2272.0)
[lr=0.1 clips=1 updates=52] epoch = 2.5600 loss = 0.279915
[lr=0.1 clips=2 updates=58] epoch = 2.5700 loss = 0.280337
[lr=0.1 clips=2 updates=56] epoch = 2.5800 loss = 0.279469
[lr=0.1 clips=3 updates=57] epoch = 2.5900 loss = 0.279267
[lr=0.1 clips=3 updates=61] epoch = 2.6000 loss = 0.280038
[dev epoch=2.6000] loss = 0.133884 f1 = 0.8702 (1977.0/2272.0)
[lr=0.1 clips=2 updates=54] epoch = 2.6100 loss = 0.279659
[lr=0.1 clips=1 updates=52] epoch = 2.6200 loss = 0.278477
[lr=0.1 clips=2 updates=63] epoch = 2.6300 loss = 0.279527
[lr=0.1 clips=3 updates=54] epoch = 2.6400 loss = 0.278932
[lr=0.1 clips=0 updates=50] epoch = 2.6500 loss = 0.277909
[dev epoch=2.6500] loss = 0.137553 f1 = 0.8794 (1998.0/2272.0)
[lr=0.1 clips=1 updates=54] epoch = 2.6600 loss = 0.276119
[lr=0.1 clips=2 updates=53] epoch = 2.6700 loss = 0.276382
[lr=0.1 clips=1 updates=57] epoch = 2.6800 loss = 0.277106
[lr=0.1 clips=1 updates=53] epoch = 2.6900 loss = 0.277033
[lr=0.1 clips=1 updates=51] epoch = 2.7000 loss = 0.275599
[dev epoch=2.7000] loss = 0.135574 f1 = 0.8706 (1978.0/2272.0)
[lr=0.1 clips=0 updates=54] epoch = 2.7100 loss = 0.274364
[lr=0.1 clips=0 updates=57] epoch = 2.7200 loss = 0.274040
[lr=0.1 clips=2 updates=54] epoch = 2.7300 loss = 0.274236
[lr=0.1 clips=1 updates=55] epoch = 2.7400 loss = 0.272727
[lr=0.1 clips=2 updates=53] epoch = 2.7500 loss = 0.273710
[dev epoch=2.7500] loss = 0.139837 f1 = 0.8526 (1937.0/2272.0)
[lr=0.1 clips=1 updates=47] epoch = 2.7600 loss = 0.273043
[lr=0.1 clips=2 updates=47] epoch = 2.7700 loss = 0.272310
[lr=0.1 clips=3 updates=55] epoch = 2.7800 loss = 0.273026
[lr=0.1 clips=3 updates=55] epoch = 2.7900 loss = 0.274058
[lr=0.1 clips=2 updates=51] epoch = 2.8000 loss = 0.274315
[dev epoch=2.8000] loss = 0.149317 f1 = 0.8776 (1994.0/2272.0)
[lr=0.1 clips=3 updates=50] epoch = 2.8100 loss = 0.274914
[lr=0.1 clips=2 updates=51] epoch = 2.8200 loss = 0.274638
[lr=0.1 clips=2 updates=55] epoch = 2.8300 loss = 0.275611
[lr=0.1 clips=2 updates=53] epoch = 2.8400 loss = 0.276082
[lr=0.1 clips=1 updates=56] epoch = 2.8500 loss = 0.275789
[dev epoch=2.8500] loss = 0.159853 f1 = 0.8750 (1988.0/2272.0)
[lr=0.1 clips=1 updates=60] epoch = 2.8600 loss = 0.275309
[lr=0.1 clips=3 updates=55] epoch = 2.8700 loss = 0.275861
[lr=0.1 clips=1 updates=52] epoch = 2.8800 loss = 0.276051
[lr=0.1 clips=1 updates=51] epoch = 2.8900 loss = 0.275502
[lr=0.1 clips=2 updates=60] epoch = 2.9000 loss = 0.275623
[dev epoch=2.9000] loss = 0.157492 f1 = 0.8706 (1978.0/2272.0)
[lr=0.1 clips=2 updates=59] epoch = 2.9100 loss = 0.275591
[lr=0.1 clips=1 updates=61] epoch = 2.9200 loss = 0.275412
[lr=0.1 clips=1 updates=54] epoch = 2.9300 loss = 0.274840
[lr=0.1 clips=2 updates=51] epoch = 2.9400 loss = 0.274888
[lr=0.1 clips=0 updates=58] epoch = 2.9500 loss = 0.275017
[dev epoch=2.9500] loss = 0.145252 f1 = 0.8772 (1993.0/2272.0)
[lr=0.1 clips=2 updates=49] epoch = 2.9600 loss = 0.274930
[lr=0.1 clips=1 updates=59] epoch = 2.9700 loss = 0.274681
[lr=0.1 clips=3 updates=56] epoch = 2.9800 loss = 0.275210
[lr=0.1 clips=3 updates=56] epoch = 2.9900 loss = 0.275802
[lr=0.1 clips=1 updates=52] epoch = 2.10000 loss = 0.275505
[dev epoch=2.10000] loss = 0.147697 f1 = 0.8724 (1982.0/2272.0)
[lr=0.1 clips=0 updates=51] epoch = 2.10100 loss = 0.274729
[lr=0.1 clips=4 updates=46] epoch = 2.10200 loss = 0.274977
[lr=0.1 clips=1 updates=59] epoch = 2.10300 loss = 0.276087
[lr=0.1 clips=3 updates=59] epoch = 2.10400 loss = 0.277082
[lr=0.1 clips=0 updates=51] epoch = 2.10500 loss = 0.276314
[dev epoch=2.10500] loss = 0.148030 f1 = 0.8754 (1989.0/2272.0)
[lr=0.1 clips=0 updates=52] epoch = 2.10600 loss = 0.276737
[lr=0.1 clips=0 updates=55] epoch = 2.10700 loss = 0.276109
[lr=0.1 clips=0 updates=62] epoch = 2.10800 loss = 0.275479
[lr=0.1 clips=3 updates=62] epoch = 2.10900 loss = 0.276614
[lr=0.1 clips=0 updates=52] epoch = 2.11000 loss = 0.275773
[dev epoch=2.11000] loss = 0.125705 f1 = 0.8754 (1989.0/2272.0)
[lr=0.1 clips=1 updates=53] epoch = 2.11100 loss = 0.275325
[lr=0.1 clips=3 updates=52] epoch = 2.11200 loss = 0.275735
[lr=0.1 clips=3 updates=56] epoch = 2.11300 loss = 0.275733
[lr=0.1 clips=3 updates=56] epoch = 2.11400 loss = 0.276888
[lr=0.1 clips=1 updates=53] epoch = 2.11500 loss = 0.276824
[dev epoch=2.11500] loss = 0.144583 f1 = 0.8790 (1997.0/2272.0)
[lr=0.1 clips=0 updates=52] epoch = 2.11600 loss = 0.276390
[lr=0.1 clips=2 updates=58] epoch = 2.11700 loss = 0.276895
[lr=0.1 clips=1 updates=51] epoch = 2.11800 loss = 0.276650
[lr=0.1 clips=1 updates=51] epoch = 2.11900 loss = 0.275800
[lr=0.1 clips=4 updates=54] epoch = 2.12000 loss = 0.276278
[dev epoch=2.12000] loss = 0.150448 f1 = 0.8842 (2009.0/2272.0)
[lr=0.1 clips=0 updates=53] epoch = 2.12100 loss = 0.275721
[lr=0.1 clips=4 updates=66] epoch = 2.12200 loss = 0.276912
[lr=0.1 clips=2 updates=58] epoch = 2.12300 loss = 0.277301
[lr=0.1 clips=2 updates=60] epoch = 2.12400 loss = 0.278640
[lr=0.1 clips=2 updates=49] epoch = 2.12500 loss = 0.278308
[dev epoch=2.12500] loss = 0.154764 f1 = 0.8790 (1997.0/2272.0)
[lr=0.1 clips=2 updates=51] epoch = 2.12600 loss = 0.278155
[lr=0.1 clips=2 updates=47] epoch = 2.12700 loss = 0.277486
[lr=0.1 clips=2 updates=56] epoch = 2.12800 loss = 0.277872
[lr=0.1 clips=2 updates=56] epoch = 2.12900 loss = 0.278366
[lr=0.1 clips=3 updates=46] epoch = 2.13000 loss = 0.277956
[dev epoch=2.13000] loss = 0.145539 f1 = 0.8653 (1966.0/2272.0)
[lr=0.1 clips=3 updates=53] epoch = 2.13100 loss = 0.277991
[lr=0.1 clips=2 updates=57] epoch = 2.13200 loss = 0.277326
[lr=0.1 clips=0 updates=54] epoch = 2.13300 loss = 0.277093
[lr=0.1 clips=0 updates=56] epoch = 2.13400 loss = 0.277186
[lr=0.1 clips=2 updates=57] epoch = 2.13500 loss = 0.277708
[dev epoch=2.13500] loss = 0.168542 f1 = 0.8798 (1999.0/2272.0)
[lr=0.1 clips=0 updates=54] epoch = 2.13600 loss = 0.277341
[lr=0.1 clips=1 updates=61] epoch = 2.13700 loss = 0.277519
[lr=0.1 clips=0 updates=62] epoch = 2.13800 loss = 0.278294
[lr=0.1 clips=0 updates=49] epoch = 2.13900 loss = 0.277488
[lr=0.1 clips=2 updates=61] epoch = 2.14000 loss = 0.278557
[dev epoch=2.14000] loss = 0.155899 f1 = 0.8746 (1987.0/2272.0)
[lr=0.1 clips=1 updates=54] epoch = 2.14100 loss = 0.278766
[lr=0.1 clips=1 updates=57] epoch = 2.14200 loss = 0.279031
[lr=0.1 clips=0 updates=58] epoch = 2.14300 loss = 0.279368
[lr=0.1 clips=4 updates=46] epoch = 2.14400 loss = 0.280019
[lr=0.1 clips=0 updates=51] epoch = 2.14500 loss = 0.279571
[dev epoch=2.14500] loss = 0.158722 f1 = 0.8856 (2012.0/2272.0)
[lr=0.1 clips=1 updates=62] epoch = 2.14600 loss = 0.280030
[lr=0.1 clips=3 updates=58] epoch = 2.14700 loss = 0.281343
[lr=0.1 clips=1 updates=49] epoch = 2.14800 loss = 0.281263
[lr=0.1 clips=0 updates=53] epoch = 2.14900 loss = 0.281229
[lr=0.1 clips=3 updates=59] epoch = 2.15000 loss = 0.281976
[dev epoch=2.15000] loss = 0.180317 f1 = 0.8829 (2006.0/2272.0)
[lr=0.1 clips=0 updates=54] epoch = 2.15100 loss = 0.281755
[lr=0.1 clips=4 updates=55] epoch = 2.15200 loss = 0.282241
[lr=0.1 clips=2 updates=52] epoch = 2.15300 loss = 0.282623
[lr=0.1 clips=2 updates=61] epoch = 2.15400 loss = 0.283010
[lr=0.1 clips=1 updates=51] epoch = 2.15500 loss = 0.282948
[dev epoch=2.15500] loss = 0.148788 f1 = 0.8781 (1995.0/2272.0)
[lr=0.1 clips=2 updates=55] epoch = 2.15600 loss = 0.283324
[lr=0.1 clips=0 updates=56] epoch = 2.15700 loss = 0.283183
[lr=0.1 clips=1 updates=51] epoch = 2.15800 loss = 0.282653
[lr=0.1 clips=1 updates=52] epoch = 2.15900 loss = 0.282610
[lr=0.1 clips=1 updates=60] epoch = 2.16000 loss = 0.283439
[dev epoch=2.16000] loss = 0.164108 f1 = 0.8741 (1986.0/2272.0)
[lr=0.1 clips=5 updates=46] epoch = 2.16100 loss = 0.283459
[lr=0.1 clips=5 updates=58] epoch = 2.16200 loss = 0.284070
[lr=0.1 clips=2 updates=49] epoch = 2.16300 loss = 0.284062
[lr=0.1 clips=0 updates=53] epoch = 2.16400 loss = 0.283685
[lr=0.1 clips=0 updates=55] epoch = 2.16500 loss = 0.283816
[dev epoch=2.16500] loss = 0.163435 f1 = 0.8737 (1985.0/2272.0)
[lr=0.1 clips=1 updates=58] epoch = 2.16600 loss = 0.283997
[lr=0.1 clips=0 updates=54] epoch = 2.16700 loss = 0.283716
[lr=0.1 clips=3 updates=50] epoch = 2.16800 loss = 0.283289
[lr=0.1 clips=4 updates=56] epoch = 2.16900 loss = 0.283535
[lr=0.1 clips=1 updates=50] epoch = 2.17000 loss = 0.283542
[dev epoch=2.17000] loss = 0.162246 f1 = 0.8746 (1987.0/2272.0)
[lr=0.1 clips=3 updates=61] epoch = 2.17100 loss = 0.284010
[lr=0.1 clips=0 updates=39] epoch = 2.17200 loss = 0.283101
[lr=0.1 clips=3 updates=49] epoch = 2.17300 loss = 0.283225
[lr=0.1 clips=1 updates=62] epoch = 2.17400 loss = 0.283421
[lr=0.1 clips=2 updates=54] epoch = 2.17500 loss = 0.283481
[dev epoch=2.17500] loss = 0.154853 f1 = 0.8702 (1977.0/2272.0)
[lr=0.1 clips=4 updates=65] epoch = 2.17600 loss = 0.284022
[lr=0.1 clips=4 updates=64] epoch = 2.17700 loss = 0.285445
[lr=0.1 clips=1 updates=50] epoch = 2.17800 loss = 0.285204
[lr=0.1 clips=0 updates=43] epoch = 2.17900 loss = 0.284774
[lr=0.1 clips=1 updates=52] epoch = 2.18000 loss = 0.284776
[dev epoch=2.18000] loss = 0.158640 f1 = 0.8864 (2014.0/2272.0) -- saving to logs/fn1.7-pretrained-frameid/best-frameid-1.7-model
[lr=0.1 clips=2 updates=54] epoch = 2.18100 loss = 0.284635
[lr=0.1 clips=1 updates=48] epoch = 2.18200 loss = 0.284728
[lr=0.1 clips=3 updates=54] epoch = 2.18300 loss = 0.285368
[lr=0.1 clips=3 updates=54] epoch = 2.18400 loss = 0.285710
[lr=0.1 clips=3 updates=50] epoch = 2.18500 loss = 0.285740
[dev epoch=2.18500] loss = 0.165547 f1 = 0.8834 (2007.0/2272.0)
[lr=0.1 clips=0 updates=48] epoch = 2.18600 loss = 0.285614
[lr=0.1 clips=2 updates=53] epoch = 2.18700 loss = 0.285848
[lr=0.1 clips=1 updates=52] epoch = 2.18800 loss = 0.286087
[lr=0.1 clips=0 updates=59] epoch = 2.18900 loss = 0.285883
[lr=0.1 clips=0 updates=59] epoch = 2.19000 loss = 0.285919
[dev epoch=2.19000] loss = 0.164343 f1 = 0.8895 (2021.0/2272.0) -- saving to logs/fn1.7-pretrained-frameid/best-frameid-1.7-model
[lr=0.1 clips=0 updates=52] epoch = 2.19100 loss = 0.285403
[lr=0.1 clips=3 updates=53] epoch = 2.19200 loss = 0.285688
[lr=0.1 clips=2 updates=56] epoch = 2.19300 loss = 0.285862
[lr=0.1 clips=0 updates=105] epoch = 3.100 loss = 0.167120
[lr=0.1 clips=1 updates=56] epoch = 3.200 loss = 0.223845
[lr=0.1 clips=2 updates=57] epoch = 3.300 loss = 0.233708
[lr=0.1 clips=0 updates=57] epoch = 3.400 loss = 0.219751
[lr=0.1 clips=1 updates=54] epoch = 3.500 loss = 0.228173
[dev epoch=3.500] loss = 0.138953 f1 = 0.8807 (2001.0/2272.0)
[lr=0.1 clips=2 updates=52] epoch = 3.600 loss = 0.245009
[lr=0.1 clips=1 updates=56] epoch = 3.700 loss = 0.248338
[lr=0.1 clips=4 updates=54] epoch = 3.800 loss = 0.258476
[lr=0.1 clips=1 updates=51] epoch = 3.900 loss = 0.260275
[lr=0.1 clips=0 updates=50] epoch = 3.1000 loss = 0.249576
[dev epoch=3.1000] loss = 0.134916 f1 = 0.8913 (2025.0/2272.0) -- saving to logs/fn1.7-pretrained-frameid/best-frameid-1.7-model
[lr=0.1 clips=2 updates=61] epoch = 3.1100 loss = 0.249996
[lr=0.1 clips=3 updates=66] epoch = 3.1200 loss = 0.257844
[lr=0.1 clips=3 updates=47] epoch = 3.1300 loss = 0.259144
[lr=0.1 clips=2 updates=58] epoch = 3.1400 loss = 0.264712
[lr=0.1 clips=2 updates=62] epoch = 3.1500 loss = 0.263782
[dev epoch=3.1500] loss = 0.142629 f1 = 0.8776 (1994.0/2272.0)
[lr=0.1 clips=1 updates=47] epoch = 3.1600 loss = 0.258919
[lr=0.1 clips=1 updates=60] epoch = 3.1700 loss = 0.261969
[lr=0.1 clips=3 updates=45] epoch = 3.1800 loss = 0.258429
[lr=0.1 clips=2 updates=58] epoch = 3.1900 loss = 0.260479
[lr=0.1 clips=2 updates=53] epoch = 3.2000 loss = 0.259075
[dev epoch=3.2000] loss = 0.145636 f1 = 0.8754 (1989.0/2272.0)
[lr=0.1 clips=1 updates=58] epoch = 3.2100 loss = 0.259647
[lr=0.1 clips=1 updates=55] epoch = 3.2200 loss = 0.260869
[lr=0.1 clips=0 updates=50] epoch = 3.2300 loss = 0.260119
[lr=0.1 clips=1 updates=56] epoch = 3.2400 loss = 0.257825
[lr=0.1 clips=3 updates=56] epoch = 3.2500 loss = 0.257668
[dev epoch=3.2500] loss = 0.136005 f1 = 0.8728 (1983.0/2272.0)
[lr=0.1 clips=1 updates=56] epoch = 3.2600 loss = 0.256633
[lr=0.1 clips=0 updates=52] epoch = 3.2700 loss = 0.253208
[lr=0.1 clips=0 updates=50] epoch = 3.2800 loss = 0.251439
[lr=0.1 clips=2 updates=61] epoch = 3.2900 loss = 0.249464
[lr=0.1 clips=1 updates=59] epoch = 3.3000 loss = 0.250817
[dev epoch=3.3000] loss = 0.132546 f1 = 0.8732 (1984.0/2272.0)
[lr=0.1 clips=2 updates=56] epoch = 3.3100 loss = 0.250900
[lr=0.1 clips=2 updates=53] epoch = 3.3200 loss = 0.251799
[lr=0.1 clips=1 updates=51] epoch = 3.3300 loss = 0.253091
[lr=0.1 clips=2 updates=58] epoch = 3.3400 loss = 0.253816
[lr=0.1 clips=0 updates=52] epoch = 3.3500 loss = 0.252285
[dev epoch=3.3500] loss = 0.151983 f1 = 0.8790 (1997.0/2272.0)
[lr=0.1 clips=0 updates=52] epoch = 3.3600 loss = 0.250262
[lr=0.1 clips=2 updates=58] epoch = 3.3700 loss = 0.250016
[lr=0.1 clips=2 updates=48] epoch = 3.3800 loss = 0.249195
[lr=0.1 clips=1 updates=48] epoch = 3.3900 loss = 0.249537
[lr=0.1 clips=1 updates=61] epoch = 3.4000 loss = 0.249747
[dev epoch=3.4000] loss = 0.131372 f1 = 0.8798 (1999.0/2272.0)
[lr=0.1 clips=1 updates=60] epoch = 3.4100 loss = 0.249447
[lr=0.1 clips=3 updates=60] epoch = 3.4200 loss = 0.249891
[lr=0.1 clips=3 updates=62] epoch = 3.4300 loss = 0.252218
[lr=0.1 clips=3 updates=55] epoch = 3.4400 loss = 0.253662
[lr=0.1 clips=1 updates=47] epoch = 3.4500 loss = 0.252265
[dev epoch=3.4500] loss = 0.149756 f1 = 0.8741 (1986.0/2272.0)
[lr=0.1 clips=2 updates=58] epoch = 3.4600 loss = 0.252833
[lr=0.1 clips=3 updates=62] epoch = 3.4700 loss = 0.254293
[lr=0.1 clips=1 updates=61] epoch = 3.4800 loss = 0.255123
[lr=0.1 clips=1 updates=50] epoch = 3.4900 loss = 0.253994
[lr=0.1 clips=0 updates=55] epoch = 3.5000 loss = 0.254407
[dev epoch=3.5000] loss = 0.136260 f1 = 0.8631 (1961.0/2272.0)
[lr=0.1 clips=2 updates=52] epoch = 3.5100 loss = 0.256067
[lr=0.1 clips=0 updates=54] epoch = 3.5200 loss = 0.255532
[lr=0.1 clips=2 updates=53] epoch = 3.5300 loss = 0.258417
[lr=0.1 clips=5 updates=58] epoch = 3.5400 loss = 0.260635
[lr=0.1 clips=2 updates=63] epoch = 3.5500 loss = 0.260567
[dev epoch=3.5500] loss = 0.147685 f1 = 0.8636 (1962.0/2272.0)
[lr=0.1 clips=0 updates=67] epoch = 3.5600 loss = 0.259180
[lr=0.1 clips=2 updates=58] epoch = 3.5700 loss = 0.259415
[lr=0.1 clips=3 updates=55] epoch = 3.5800 loss = 0.259383
[lr=0.1 clips=0 updates=55] epoch = 3.5900 loss = 0.258951
[lr=0.1 clips=1 updates=61] epoch = 3.6000 loss = 0.260418
[dev epoch=3.6000] loss = 0.149173 f1 = 0.8737 (1985.0/2272.0)
[lr=0.1 clips=3 updates=57] epoch = 3.6100 loss = 0.261253
[lr=0.1 clips=0 updates=57] epoch = 3.6200 loss = 0.261787
[lr=0.1 clips=0 updates=60] epoch = 3.6300 loss = 0.260621
[lr=0.1 clips=1 updates=62] epoch = 3.6400 loss = 0.260198
[lr=0.1 clips=2 updates=50] epoch = 3.6500 loss = 0.260097
[dev epoch=3.6500] loss = 0.136244 f1 = 0.8640 (1963.0/2272.0)
[lr=0.1 clips=2 updates=53] epoch = 3.6600 loss = 0.261198
[lr=0.1 clips=3 updates=56] epoch = 3.6700 loss = 0.262475
[lr=0.1 clips=2 updates=57] epoch = 3.6800 loss = 0.264534
[lr=0.1 clips=0 updates=51] epoch = 3.6900 loss = 0.264424
[lr=0.1 clips=1 updates=64] epoch = 3.7000 loss = 0.264461
[dev epoch=3.7000] loss = 0.145453 f1 = 0.8675 (1971.0/2272.0)
[lr=0.1 clips=0 updates=48] epoch = 3.7100 loss = 0.263504
[lr=0.1 clips=0 updates=45] epoch = 3.7200 loss = 0.262898
[lr=0.1 clips=1 updates=50] epoch = 3.7300 loss = 0.262063
[lr=0.1 clips=3 updates=48] epoch = 3.7400 loss = 0.262433
[lr=0.1 clips=1 updates=47] epoch = 3.7500 loss = 0.262244
[dev epoch=3.7500] loss = 0.143000 f1 = 0.8746 (1987.0/2272.0)
[lr=0.1 clips=4 updates=57] epoch = 3.7600 loss = 0.262474
[lr=0.1 clips=1 updates=57] epoch = 3.7700 loss = 0.263126
[lr=0.1 clips=4 updates=59] epoch = 3.7800 loss = 0.263345
[lr=0.1 clips=5 updates=58] epoch = 3.7900 loss = 0.265021
[lr=0.1 clips=0 updates=64] epoch = 3.8000 loss = 0.264360
[dev epoch=3.8000] loss = 0.144309 f1 = 0.8768 (1992.0/2272.0)
[lr=0.1 clips=2 updates=49] epoch = 3.8100 loss = 0.265390
[lr=0.1 clips=0 updates=54] epoch = 3.8200 loss = 0.264575
[lr=0.1 clips=2 updates=61] epoch = 3.8300 loss = 0.265022
[lr=0.1 clips=3 updates=58] epoch = 3.8400 loss = 0.265823
[lr=0.1 clips=2 updates=62] epoch = 3.8500 loss = 0.266505
[dev epoch=3.8500] loss = 0.140786 f1 = 0.8662 (1968.0/2272.0)
[lr=0.1 clips=0 updates=50] epoch = 3.8600 loss = 0.265460
[lr=0.1 clips=1 updates=51] epoch = 3.8700 loss = 0.264203
[lr=0.1 clips=1 updates=56] epoch = 3.8800 loss = 0.263810
[lr=0.1 clips=1 updates=57] epoch = 3.8900 loss = 0.264261
[lr=0.1 clips=3 updates=56] epoch = 3.9000 loss = 0.264274
[dev epoch=3.9000] loss = 0.131752 f1 = 0.8662 (1968.0/2272.0)
[lr=0.1 clips=1 updates=62] epoch = 3.9100 loss = 0.264674
[lr=0.1 clips=1 updates=47] epoch = 3.9200 loss = 0.264952
[lr=0.1 clips=3 updates=55] epoch = 3.9300 loss = 0.265639
[lr=0.1 clips=1 updates=53] epoch = 3.9400 loss = 0.265978
[lr=0.1 clips=2 updates=51] epoch = 3.9500 loss = 0.265644
[dev epoch=3.9500] loss = 0.149984 f1 = 0.8702 (1977.0/2272.0)
[lr=0.1 clips=1 updates=45] epoch = 3.9600 loss = 0.265700
[lr=0.1 clips=3 updates=60] epoch = 3.9700 loss = 0.266723
[lr=0.1 clips=1 updates=48] epoch = 3.9800 loss = 0.265363
[lr=0.1 clips=1 updates=58] epoch = 3.9900 loss = 0.265490
[lr=0.1 clips=2 updates=54] epoch = 3.10000 loss = 0.264830
[dev epoch=3.10000] loss = 0.134432 f1 = 0.8724 (1982.0/2272.0)
[lr=0.1 clips=5 updates=54] epoch = 3.10100 loss = 0.265048
[lr=0.1 clips=2 updates=54] epoch = 3.10200 loss = 0.264906
[lr=0.1 clips=2 updates=54] epoch = 3.10300 loss = 0.264814
[lr=0.1 clips=1 updates=50] epoch = 3.10400 loss = 0.264807
[lr=0.1 clips=1 updates=52] epoch = 3.10500 loss = 0.264431
[dev epoch=3.10500] loss = 0.154869 f1 = 0.8578 (1949.0/2272.0)
[lr=0.1 clips=1 updates=50] epoch = 3.10600 loss = 0.264188
[lr=0.1 clips=1 updates=55] epoch = 3.10700 loss = 0.264176
[lr=0.1 clips=3 updates=59] epoch = 3.10800 loss = 0.265167
[lr=0.1 clips=0 updates=48] epoch = 3.10900 loss = 0.265073
[lr=0.1 clips=0 updates=57] epoch = 3.11000 loss = 0.264540
[dev epoch=3.11000] loss = 0.146512 f1 = 0.8768 (1992.0/2272.0)
[lr=0.1 clips=3 updates=60] epoch = 3.11100 loss = 0.265392
[lr=0.1 clips=1 updates=61] epoch = 3.11200 loss = 0.265496
[lr=0.1 clips=3 updates=53] epoch = 3.11300 loss = 0.266496
[lr=0.1 clips=1 updates=53] epoch = 3.11400 loss = 0.265860
[lr=0.1 clips=2 updates=61] epoch = 3.11500 loss = 0.266551
[dev epoch=3.11500] loss = 0.143266 f1 = 0.8856 (2012.0/2272.0)
[lr=0.1 clips=0 updates=47] epoch = 3.11600 loss = 0.265718
[lr=0.1 clips=1 updates=55] epoch = 3.11700 loss = 0.266126
[lr=0.1 clips=1 updates=57] epoch = 3.11800 loss = 0.266453
[lr=0.1 clips=1 updates=57] epoch = 3.11900 loss = 0.266258
[lr=0.1 clips=0 updates=51] epoch = 3.12000 loss = 0.265811
[dev epoch=3.12000] loss = 0.141677 f1 = 0.8653 (1966.0/2272.0)
[lr=0.1 clips=2 updates=60] epoch = 3.12100 loss = 0.266319
[lr=0.1 clips=0 updates=51] epoch = 3.12200 loss = 0.265740
[lr=0.1 clips=0 updates=49] epoch = 3.12300 loss = 0.265168
[lr=0.1 clips=2 updates=56] epoch = 3.12400 loss = 0.266134
[lr=0.1 clips=1 updates=51] epoch = 3.12500 loss = 0.266201
[dev epoch=3.12500] loss = 0.135468 f1 = 0.8781 (1995.0/2272.0)
[lr=0.1 clips=1 updates=57] epoch = 3.12600 loss = 0.265609
[lr=0.1 clips=0 updates=53] epoch = 3.12700 loss = 0.265220
[lr=0.1 clips=1 updates=54] epoch = 3.12800 loss = 0.264872
[lr=0.1 clips=2 updates=63] epoch = 3.12900 loss = 0.264580
[lr=0.1 clips=4 updates=48] epoch = 3.13000 loss = 0.265075
[dev epoch=3.13000] loss = 0.160081 f1 = 0.8781 (1995.0/2272.0)
[lr=0.1 clips=0 updates=56] epoch = 3.13100 loss = 0.264951
[lr=0.1 clips=2 updates=48] epoch = 3.13200 loss = 0.264728
[lr=0.1 clips=1 updates=58] epoch = 3.13300 loss = 0.265388
[lr=0.1 clips=0 updates=49] epoch = 3.13400 loss = 0.264498
[lr=0.1 clips=2 updates=58] epoch = 3.13500 loss = 0.264105
[dev epoch=3.13500] loss = 0.136481 f1 = 0.8807 (2001.0/2272.0)
[lr=0.1 clips=3 updates=52] epoch = 3.13600 loss = 0.263927
[lr=0.1 clips=1 updates=58] epoch = 3.13700 loss = 0.263833
[lr=0.1 clips=0 updates=55] epoch = 3.13800 loss = 0.263441
[lr=0.1 clips=2 updates=59] epoch = 3.13900 loss = 0.263578
[lr=0.1 clips=2 updates=57] epoch = 3.14000 loss = 0.263762
[dev epoch=3.14000] loss = 0.145485 f1 = 0.8816 (2003.0/2272.0)
[lr=0.1 clips=2 updates=46] epoch = 3.14100 loss = 0.263357
[lr=0.1 clips=0 updates=57] epoch = 3.14200 loss = 0.263122
[lr=0.1 clips=4 updates=50] epoch = 3.14300 loss = 0.263477
[lr=0.1 clips=0 updates=68] epoch = 3.14400 loss = 0.263248
[lr=0.1 clips=1 updates=60] epoch = 3.14500 loss = 0.263598
[dev epoch=3.14500] loss = 0.145320 f1 = 0.8798 (1999.0/2272.0)
[lr=0.1 clips=1 updates=55] epoch = 3.14600 loss = 0.263696
[lr=0.1 clips=3 updates=46] epoch = 3.14700 loss = 0.263767
[lr=0.1 clips=3 updates=60] epoch = 3.14800 loss = 0.264137
[lr=0.1 clips=0 updates=49] epoch = 3.14900 loss = 0.263865
[lr=0.1 clips=1 updates=56] epoch = 3.15000 loss = 0.264459
[dev epoch=3.15000] loss = 0.150252 f1 = 0.8790 (1997.0/2272.0)
[lr=0.1 clips=3 updates=48] epoch = 3.15100 loss = 0.264974
[lr=0.1 clips=0 updates=46] epoch = 3.15200 loss = 0.264404
[lr=0.1 clips=3 updates=49] epoch = 3.15300 loss = 0.264436
[lr=0.1 clips=2 updates=48] epoch = 3.15400 loss = 0.264283
[lr=0.1 clips=2 updates=65] epoch = 3.15500 loss = 0.264769
[dev epoch=3.15500] loss = 0.148431 f1 = 0.8812 (2002.0/2272.0)
[lr=0.1 clips=2 updates=59] epoch = 3.15600 loss = 0.265170
[lr=0.1 clips=1 updates=48] epoch = 3.15700 loss = 0.265007
[lr=0.1 clips=2 updates=53] epoch = 3.15800 loss = 0.265402
[lr=0.1 clips=0 updates=58] epoch = 3.15900 loss = 0.265313
[lr=0.1 clips=0 updates=44] epoch = 3.16000 loss = 0.264639
[dev epoch=3.16000] loss = 0.135715 f1 = 0.8816 (2003.0/2272.0)
[lr=0.1 clips=0 updates=59] epoch = 3.16100 loss = 0.264158
[lr=0.1 clips=3 updates=61] epoch = 3.16200 loss = 0.265269
[lr=0.1 clips=2 updates=54] epoch = 3.16300 loss = 0.265538
[lr=0.1 clips=3 updates=61] epoch = 3.16400 loss = 0.266298
[lr=0.1 clips=1 updates=59] epoch = 3.16500 loss = 0.266146
[dev epoch=3.16500] loss = 0.161059 f1 = 0.8640 (1963.0/2272.0)
[lr=0.1 clips=1 updates=57] epoch = 3.16600 loss = 0.266242
[lr=0.1 clips=1 updates=57] epoch = 3.16700 loss = 0.266008
[lr=0.1 clips=2 updates=52] epoch = 3.16800 loss = 0.265918
[lr=0.1 clips=3 updates=49] epoch = 3.16900 loss = 0.266129
[lr=0.1 clips=3 updates=53] epoch = 3.17000 loss = 0.266554
[dev epoch=3.17000] loss = 0.155231 f1 = 0.8798 (1999.0/2272.0)
[lr=0.1 clips=2 updates=54] epoch = 3.17100 loss = 0.266326
[lr=0.1 clips=1 updates=59] epoch = 3.17200 loss = 0.266213
[lr=0.1 clips=0 updates=54] epoch = 3.17300 loss = 0.266163
[lr=0.1 clips=2 updates=53] epoch = 3.17400 loss = 0.266247
[lr=0.1 clips=1 updates=64] epoch = 3.17500 loss = 0.266109
[dev epoch=3.17500] loss = 0.145502 f1 = 0.8807 (2001.0/2272.0)
[lr=0.1 clips=1 updates=60] epoch = 3.17600 loss = 0.266176
[lr=0.1 clips=4 updates=51] epoch = 3.17700 loss = 0.266158
[lr=0.1 clips=0 updates=54] epoch = 3.17800 loss = 0.266334
[lr=0.1 clips=1 updates=55] epoch = 3.17900 loss = 0.266206
[lr=0.1 clips=0 updates=59] epoch = 3.18000 loss = 0.266101
[dev epoch=3.18000] loss = 0.158603 f1 = 0.8759 (1990.0/2272.0)
[lr=0.1 clips=2 updates=56] epoch = 3.18100 loss = 0.266623
[lr=0.1 clips=3 updates=52] epoch = 3.18200 loss = 0.267073
[lr=0.1 clips=2 updates=48] epoch = 3.18300 loss = 0.266975
[lr=0.1 clips=4 updates=53] epoch = 3.18400 loss = 0.267549
[lr=0.1 clips=1 updates=55] epoch = 3.18500 loss = 0.267291
[dev epoch=3.18500] loss = 0.150402 f1 = 0.8710 (1979.0/2272.0)
[lr=0.1 clips=2 updates=59] epoch = 3.18600 loss = 0.267369
[lr=0.1 clips=3 updates=45] epoch = 3.18700 loss = 0.267508
[lr=0.1 clips=2 updates=57] epoch = 3.18800 loss = 0.267988
[lr=0.1 clips=4 updates=51] epoch = 3.18900 loss = 0.267971
[lr=0.1 clips=2 updates=58] epoch = 3.19000 loss = 0.268053
[dev epoch=3.19000] loss = 0.161883 f1 = 0.8728 (1983.0/2272.0)
[lr=0.1 clips=2 updates=63] epoch = 3.19100 loss = 0.268545
[lr=0.1 clips=2 updates=51] epoch = 3.19200 loss = 0.268184
[lr=0.1 clips=3 updates=50] epoch = 3.19300 loss = 0.268305
[lr=0.1 clips=1 updates=107] epoch = 4.100 loss = 0.253921
[lr=0.1 clips=0 updates=53] epoch = 4.200 loss = 0.222567
[lr=0.1 clips=1 updates=53] epoch = 4.300 loss = 0.222091
[lr=0.1 clips=1 updates=61] epoch = 4.400 loss = 0.247114
[lr=0.1 clips=1 updates=56] epoch = 4.500 loss = 0.241895
[dev epoch=4.500] loss = 0.130838 f1 = 0.8759 (1990.0/2272.0)
[lr=0.1 clips=3 updates=53] epoch = 4.600 loss = 0.247149
[lr=0.1 clips=1 updates=51] epoch = 4.700 loss = 0.238235
[lr=0.1 clips=1 updates=61] epoch = 4.800 loss = 0.242803
[lr=0.1 clips=0 updates=49] epoch = 4.900 loss = 0.237485
[lr=0.1 clips=1 updates=59] epoch = 4.1000 loss = 0.240884
[dev epoch=4.1000] loss = 0.129435 f1 = 0.8741 (1986.0/2272.0)
[lr=0.1 clips=0 updates=57] epoch = 4.1100 loss = 0.241768
[lr=0.1 clips=2 updates=66] epoch = 4.1200 loss = 0.243415
[lr=0.1 clips=0 updates=51] epoch = 4.1300 loss = 0.237638
[lr=0.1 clips=3 updates=58] epoch = 4.1400 loss = 0.241788
[lr=0.1 clips=1 updates=59] epoch = 4.1500 loss = 0.249447
[dev epoch=4.1500] loss = 0.142195 f1 = 0.8697 (1976.0/2272.0)
[lr=0.1 clips=0 updates=50] epoch = 4.1600 loss = 0.245606
[lr=0.1 clips=2 updates=51] epoch = 4.1700 loss = 0.244038
[lr=0.1 clips=1 updates=48] epoch = 4.1800 loss = 0.242830
[lr=0.1 clips=3 updates=49] epoch = 4.1900 loss = 0.245295
[lr=0.1 clips=1 updates=50] epoch = 4.2000 loss = 0.246043
[dev epoch=4.2000] loss = 0.131032 f1 = 0.8785 (1996.0/2272.0)
[lr=0.1 clips=2 updates=54] epoch = 4.2100 loss = 0.247770
[lr=0.1 clips=1 updates=52] epoch = 4.2200 loss = 0.250255
[lr=0.1 clips=2 updates=56] epoch = 4.2300 loss = 0.252609
[lr=0.1 clips=1 updates=48] epoch = 4.2400 loss = 0.249289
[lr=0.1 clips=2 updates=74] epoch = 4.2500 loss = 0.253359
[dev epoch=4.2500] loss = 0.152830 f1 = 0.8706 (1978.0/2272.0)
[lr=0.1 clips=2 updates=51] epoch = 4.2600 loss = 0.255165
[lr=0.1 clips=2 updates=60] epoch = 4.2700 loss = 0.256102
[lr=0.1 clips=1 updates=52] epoch = 4.2800 loss = 0.257459
[lr=0.1 clips=0 updates=62] epoch = 4.2900 loss = 0.258597
[lr=0.1 clips=2 updates=52] epoch = 4.3000 loss = 0.258808
[dev epoch=4.3000] loss = 0.144461 f1 = 0.8724 (1982.0/2272.0)
[lr=0.1 clips=0 updates=46] epoch = 4.3100 loss = 0.257219
[lr=0.1 clips=1 updates=45] epoch = 4.3200 loss = 0.254571
[lr=0.1 clips=0 updates=58] epoch = 4.3300 loss = 0.254238
[lr=0.1 clips=1 updates=57] epoch = 4.3400 loss = 0.254742
[lr=0.1 clips=2 updates=57] epoch = 4.3500 loss = 0.252747
[dev epoch=4.3500] loss = 0.131597 f1 = 0.8750 (1988.0/2272.0)
[lr=0.1 clips=0 updates=43] epoch = 4.3600 loss = 0.250694
[lr=0.1 clips=2 updates=53] epoch = 4.3700 loss = 0.249648
[lr=0.1 clips=1 updates=59] epoch = 4.3800 loss = 0.250287
[lr=0.1 clips=1 updates=44] epoch = 4.3900 loss = 0.247986
[lr=0.1 clips=3 updates=59] epoch = 4.4000 loss = 0.250261
[dev epoch=4.4000] loss = 0.127771 f1 = 0.8768 (1992.0/2272.0)
[lr=0.1 clips=1 updates=63] epoch = 4.4100 loss = 0.250568
[lr=0.1 clips=1 updates=48] epoch = 4.4200 loss = 0.251920
[lr=0.1 clips=2 updates=52] epoch = 4.4300 loss = 0.252444
[lr=0.1 clips=1 updates=56] epoch = 4.4400 loss = 0.251837
[lr=0.1 clips=0 updates=58] epoch = 4.4500 loss = 0.252642
[dev epoch=4.4500] loss = 0.137870 f1 = 0.8807 (2001.0/2272.0)
[lr=0.1 clips=0 updates=56] epoch = 4.4600 loss = 0.249840
[lr=0.1 clips=1 updates=54] epoch = 4.4700 loss = 0.248910
[lr=0.1 clips=1 updates=58] epoch = 4.4800 loss = 0.247053
[lr=0.1 clips=3 updates=56] epoch = 4.4900 loss = 0.248569
[lr=0.1 clips=2 updates=54] epoch = 4.5000 loss = 0.249401
[dev epoch=4.5000] loss = 0.121379 f1 = 0.8768 (1992.0/2272.0)
[lr=0.1 clips=3 updates=51] epoch = 4.5100 loss = 0.250898
[lr=0.1 clips=1 updates=47] epoch = 4.5200 loss = 0.252456
[lr=0.1 clips=1 updates=52] epoch = 4.5300 loss = 0.252359
[lr=0.1 clips=0 updates=54] epoch = 4.5400 loss = 0.252141
[lr=0.1 clips=1 updates=54] epoch = 4.5500 loss = 0.250721
train_frame.sh: line 5: 19084 Terminated              python2 -m sesame.$MODEL --mode train --model_name $MODEL_NAME
